Arguments: 
  /Users/tianhen/.nvm/versions/node/v16.19.0/bin/node /Users/tianhen/.nvm/versions/node/v16.19.0/bin/yarn add $ npm install qiniu

PATH: 
  /opt/homebrew/Cellar/mysql@5.7/5.7.41/bin:/Users/tianhen/.nvm/versions/node/v16.19.0/bin:/opt/homebrew/bin:/opt/homebrew/sbin:/usr/local/bin:/System/Cryptexes/App/usr/bin:/usr/bin:/bin:/usr/sbin:/sbin

Yarn version: 
  1.22.19

Node version: 
  16.19.0

Platform: 
  darwin arm64

Trace: 
  Error: https://registry.yarnpkg.com/$: Not found
      at Request.params.callback [as _callback] (/Users/tianhen/.nvm/versions/node/v16.19.0/lib/node_modules/yarn/lib/cli.js:66145:18)
      at Request.self.callback (/Users/tianhen/.nvm/versions/node/v16.19.0/lib/node_modules/yarn/lib/cli.js:140890:22)
      at Request.emit (node:events:513:28)
      at Request.<anonymous> (/Users/tianhen/.nvm/versions/node/v16.19.0/lib/node_modules/yarn/lib/cli.js:141862:10)
      at Request.emit (node:events:513:28)
      at IncomingMessage.<anonymous> (/Users/tianhen/.nvm/versions/node/v16.19.0/lib/node_modules/yarn/lib/cli.js:141784:12)
      at Object.onceWrapper (node:events:627:28)
      at IncomingMessage.emit (node:events:525:35)
      at endReadableNT (node:internal/streams/readable:1358:12)
      at processTicksAndRejections (node:internal/process/task_queues:83:21)

npm manifest: 
  {
    "name": "lechikuaitui-ui-uniapp-vue2",
    "version": "1.0.0",
    "main": "index.js",
    "repository": "https://gitee.com/tianhen666/lechikuaitui-ui-uniapp-vue2.git",
    "author": "tianhen <614891294@qq.com>",
    "license": "MIT",
    "dependencies": {
      "dayjs": "^1.11.7",
      "vconsole": "^3.15.0",
      "weixin-js-sdk": "^1.6.0"
    }
  }

yarn manifest: 
  No manifest

Lockfile: 
  # THIS IS AN AUTOGENERATED FILE. DO NOT EDIT THIS FILE DIRECTLY.
  # yarn lockfile v1
  
  
  "@babel/runtime@^7.17.2":
    version "7.21.5"
    resolved "https://registry.yarnpkg.com/@babel/runtime/-/runtime-7.21.5.tgz#8492dddda9644ae3bda3b45eabe87382caee7200"
    integrity sha512-8jI69toZqqcsnqGGqwGS4Qb1VwLOEp4hz+CXPywcvjs60u3B4Pom/U/7rm4W8tMOYEB+E9wgD0mW1l3r8qlI9Q==
    dependencies:
      regenerator-runtime "^0.13.11"
  
  copy-text-to-clipboard@^3.0.1:
    version "3.1.0"
    resolved "https://registry.yarnpkg.com/copy-text-to-clipboard/-/copy-text-to-clipboard-3.1.0.tgz#6bf40deef0a51ac6858efb0d76ded2c6d6a15059"
    integrity sha512-PFM6BnjLnOON/lB3ta/Jg7Ywsv+l9kQGD4TWDCSlRBGmqnnTM5MrDkhAFgw+8HZt0wW6Q2BBE4cmy9sq+s9Qng==
  
  core-js@^3.11.0:
    version "3.30.1"
    resolved "https://registry.yarnpkg.com/core-js/-/core-js-3.30.1.tgz#fc9c5adcc541d8e9fa3e381179433cbf795628ba"
    integrity sha512-ZNS5nbiSwDTq4hFosEDqm65izl2CWmLz0hARJMyNQBgkUZMIF51cQiMvIQKA6hvuaeWxQDP3hEedM1JZIgTldQ==
  
  dayjs@^1.11.7:
    version "1.11.7"
    resolved "https://registry.npmjs.org/dayjs/-/dayjs-1.11.7.tgz"
    integrity sha512-+Yw9U6YO5TQohxLcIkrXBeY73WP3ejHWVvx8XCk3gxvQDCTEmS48ZrSZCKciI7Bhl/uCMyxYtE9UqRILmFphkQ==
  
  mutation-observer@^1.0.3:
    version "1.0.3"
    resolved "https://registry.yarnpkg.com/mutation-observer/-/mutation-observer-1.0.3.tgz#42e9222b101bca82e5ba9d5a7acf4a14c0f263d0"
    integrity sha512-M/O/4rF2h776hV7qGMZUH3utZLO/jK7p8rnNgGkjKUw8zCGjRQPxB8z6+5l8+VjRUQ3dNYu4vjqXYLr+U8ZVNA==
  
  regenerator-runtime@^0.13.11:
    version "0.13.11"
    resolved "https://registry.yarnpkg.com/regenerator-runtime/-/regenerator-runtime-0.13.11.tgz#f6dca3e7ceec20590d07ada785636a90cdca17f9"
    integrity sha512-kY1AZVr2Ra+t+piVaJ4gxaFaReZVH40AKNo7UCX6W+dEwBo/2oZJzqfuN1qLq1oL45o56cPaTXELwrTh8Fpggg==
  
  vconsole@^3.15.0:
    version "3.15.0"
    resolved "https://registry.yarnpkg.com/vconsole/-/vconsole-3.15.0.tgz#2383482b0a4106204090046ec128071284e04a90"
    integrity sha512-8hq7wabPcRucSWQyN7/1tthMawP9JPvM95zgtMHpPknMMMCKj+abpoK7P7oKK4B0qw58C24Mdvo9+raUdpHyVQ==
    dependencies:
      "@babel/runtime" "^7.17.2"
      copy-text-to-clipboard "^3.0.1"
      core-js "^3.11.0"
      mutation-observer "^1.0.3"
  
  weixin-js-sdk@^1.6.0:
    version "1.6.0"
    resolved "https://registry.yarnpkg.com/weixin-js-sdk/-/weixin-js-sdk-1.6.0.tgz#ff50484d8118ce1208f11248cf4a1c0831577514"
    integrity sha512-3IYQH7aalJGFJrwdT3epvTdR1MboMiH7vIZ5BRL2eYOJ12BNah7csoMkmSZzkq1+l92sSq29XdTCVjCJoK2sBQ==
